Arguments: 
  D:\Program-file\node.exe C:\Users\Administrator\AppData\Roaming\npm\node_modules\yarn\bin\yarn.js add jest -D

PATH: 
  D:\Program-file\Git\mingw64\bin;D:\Program-file\Git\usr\bin;C:\Users\Administrator\bin;C:\windows\system32;C:\windows;C:\windows\System32\Wbem;C:\windows\System32\WindowsPowerShell\v1.0;D:\Program-file\Git\cmd;D:\Program-file;D:\java\bin;D:\mysql-8.0.15\bin;D:\gogs;D:\Program-file\Microsoft VS Code\bin;C:\Users\Administrator\AppData\Roaming\npm;D:\java\bin

Yarn version: 
  1.10.1

Node version: 
  10.12.0

Platform: 
  win32 x64

Trace: 
  Error: unable to verify the first certificate
      at TLSSocket.onConnectSecure (_tls_wrap.js:1049:34)
      at TLSSocket.emit (events.js:182:13)
      at TLSSocket._finishInit (_tls_wrap.js:631:8)

npm manifest: 
  {
    "name": "caimingliao",
    "version": "1.0.0",
    "description": "",
    "main": "index.js",
    "scripts": {
      "test": "echo \"Error: no test specified\" && exit 1",
      "start": "node config/webpack.dev.js"
    },
    "author": "",
    "license": "ISC",
    "dependencies": {
      "string-replace-loader": "^2.1.1",
      "typescript": "^3.3.3",
      "vue": "^2.5.22",
      "vue-router": "^3.0.2",
      "vuex": "^3.1.0",
      "yargs": "^13.2.1",
      "yarn": "^1.10.1"
    },
    "devDependencies": {
      "address": "^1.0.3",
      "css-loader": "^2.1.0",
      "file-loader": "^3.0.1",
      "html-webpack-plugin": "^3.2.0",
      "less-loader": "^4.1.0",
      "node-sass": "^4.11.0",
      "sass-loader": "^7.1.0",
      "style-loader": "^0.23.1",
      "ts-loader": "^5.3.3",
      "vue-loader": "^15.6.2",
      "vue-property-decorator": "^7.3.0",
      "vue-style-loader": "^4.1.2",
      "vue-template-compiler": "^2.6.6",
      "webpack": "^4.29.0",
      "webpack-dev-server": "^3.1.14"
    }
  }

yarn manifest: 
  No manifest

Lockfile: 
  No lockfile
